# JRE version: OpenJDK Runtime Environment (8.0_302-b08) (build 1.8.0_302-b08)
# Java VM: OpenJDK 64-Bit Server VM (25.302-b08 mixed mode windows-amd64 compressed oops)
Heap:
 PSYoungGen      total 33280K, used 29387K [0x00000000dae00000, 0x00000000dd300000, 0x0000000100000000)
  eden space 28672K, 93% used [0x00000000dae00000,0x00000000dc811428,0x00000000dca00000)
  from space 4608K, 58% used [0x00000000dce80000,0x00000000dd1218e0,0x00000000dd300000)
  to   space 4608K, 0% used [0x00000000dca00000,0x00000000dca00000,0x00000000dce80000)
 ParOldGen       total 66560K, used 47487K [0x0000000090a00000, 0x0000000094b00000, 0x00000000dae00000)
  object space 66560K, 71% used [0x0000000090a00000,0x000000009385fdf8,0x0000000094b00000)
 Metaspace       used 9320K, capacity 9366K, committed 9600K, reserved 1058816K
  class space    used 870K, capacity 883K, committed 896K, reserved 1048576K
GC Heap History (10 events):
Event: 2.912 GC heap before
{Heap before GC invocations=17 (full 1):
 PSYoungGen      total 33280K, used 32894K [0x00000000dae00000, 0x00000000dd300000, 0x0000000100000000)
  eden space 28672K, 100% used [0x00000000dae00000,0x00000000dca00000,0x00000000dca00000)
  from space 4608K, 91% used [0x00000000dca00000,0x00000000dce1f968,0x00000000dce80000)
  to   space 4608K, 0% used [0x00000000dce80000,0x00000000dce80000,0x00000000dd300000)
 ParOldGen       total 66560K, used 30191K [0x0000000090a00000, 0x0000000094b00000, 0x00000000dae00000)
  object space 66560K, 45% used [0x0000000090a00000,0x000000009277bea8,0x0000000094b00000)
 Metaspace       used 9269K, capacity 9366K, committed 9600K, reserved 1058816K
  class space    used 868K, capacity 883K, committed 896K, reserved 1048576K
Event: 2.920 GC heap after
Heap after GC invocations=17 (full 1):
 PSYoungGen      total 33280K, used 3443K [0x00000000dae00000, 0x00000000dd300000, 0x0000000100000000)
  eden space 28672K, 0% used [0x00000000dae00000,0x00000000dae00000,0x00000000dca00000)
  from space 4608K, 74% used [0x00000000dce80000,0x00000000dd1dce88,0x00000000dd300000)
  to   space 4608K, 0% used [0x00000000dca00000,0x00000000dca00000,0x00000000dce80000)
 ParOldGen       total 66560K, used 32073K [0x0000000090a00000, 0x0000000094b00000, 0x00000000dae00000)
  object space 66560K, 48% used [0x0000000090a00000,0x00000000929527d0,0x0000000094b00000)
 Metaspace       used 9269K, capacity 9366K, committed 9600K, reserved 1058816K
  class space    used 868K, capacity 883K, committed 896K, reserved 1048576K
}
Event: 2.953 GC heap before
{Heap before GC invocations=18 (full 1):
 PSYoungGen      total 33280K, used 32115K [0x00000000dae00000, 0x00000000dd300000, 0x0000000100000000)
  eden space 28672K, 100% used [0x00000000dae00000,0x00000000dca00000,0x00000000dca00000)
  from space 4608K, 74% used [0x00000000dce80000,0x00000000dd1dce88,0x00000000dd300000)
  to   space 4608K, 0% used [0x00000000dca00000,0x00000000dca00000,0x00000000dce80000)
 ParOldGen       total 66560K, used 32187K [0x0000000090a00000, 0x0000000094b00000, 0x00000000dae00000)
  object space 66560K, 48% used [0x0000000090a00000,0x000000009296ef80,0x0000000094b00000)
 Metaspace       used 9278K, capacity 9366K, committed 9600K, reserved 1058816K
  class space    used 868K, capacity 883K, committed 896K, reserved 1048576K
Event: 2.960 GC heap after
Heap after GC invocations=18 (full 1):
 PSYoungGen      total 33280K, used 4598K [0x00000000dae00000, 0x00000000dd300000, 0x0000000100000000)
  eden space 28672K, 0% used [0x00000000dae00000,0x00000000dae00000,0x00000000dca00000)
  from space 4608K, 99% used [0x00000000dca00000,0x00000000dce7dba8,0x00000000dce80000)
  to   space 4608K, 0% used [0x00000000dce80000,0x00000000dce80000,0x00000000dd300000)
 ParOldGen       total 66560K, used 36156K [0x0000000090a00000, 0x0000000094b00000, 0x00000000dae00000)
  object space 66560K, 54% used [0x0000000090a00000,0x0000000092d4f110,0x0000000094b00000)
 Metaspace       used 9278K, capacity 9366K, committed 9600K, reserved 1058816K
  class space    used 868K, capacity 883K, committed 896K, reserved 1048576K
}
Event: 3.004 GC heap before
{Heap before GC invocations=19 (full 1):
 PSYoungGen      total 33280K, used 33270K [0x00000000dae00000, 0x00000000dd300000, 0x0000000100000000)
  eden space 28672K, 100% used [0x00000000dae00000,0x00000000dca00000,0x00000000dca00000)
  from space 4608K, 99% used [0x00000000dca00000,0x00000000dce7dba8,0x00000000dce80000)
  to   space 4608K, 0% used [0x00000000dce80000,0x00000000dce80000,0x00000000dd300000)
 ParOldGen       total 66560K, used 36156K [0x0000000090a00000, 0x0000000094b00000, 0x00000000dae00000)
  object space 66560K, 54% used [0x0000000090a00000,0x0000000092d4f110,0x0000000094b00000)
 Metaspace       used 9290K, capacity 9366K, committed 9600K, reserved 1058816K
  class space    used 870K, capacity 883K, committed 896K, reserved 1048576K
Event: 3.016 GC heap after
Heap after GC invocations=19 (full 1):
 PSYoungGen      total 33280K, used 4607K [0x00000000dae00000, 0x00000000dd300000, 0x0000000100000000)
  eden space 28672K, 0% used [0x00000000dae00000,0x00000000dae00000,0x00000000dca00000)
  from space 4608K, 99% used [0x00000000dce80000,0x00000000dd2ffe48,0x00000000dd300000)
  to   space 4608K, 0% used [0x00000000dca00000,0x00000000dca00000,0x00000000dce80000)
 ParOldGen       total 66560K, used 41862K [0x0000000090a00000, 0x0000000094b00000, 0x00000000dae00000)
  object space 66560K, 62% used [0x0000000090a00000,0x00000000932e1a10,0x0000000094b00000)
 Metaspace       used 9290K, capacity 9366K, committed 9600K, reserved 1058816K
  class space    used 870K, capacity 883K, committed 896K, reserved 1048576K
}
Event: 3.058 GC heap before
{Heap before GC invocations=20 (full 1):
 PSYoungGen      total 33280K, used 33279K [0x00000000dae00000, 0x00000000dd300000, 0x0000000100000000)
  eden space 28672K, 100% used [0x00000000dae00000,0x00000000dca00000,0x00000000dca00000)
  from space 4608K, 99% used [0x00000000dce80000,0x00000000dd2ffe48,0x00000000dd300000)
  to   space 4608K, 0% used [0x00000000dca00000,0x00000000dca00000,0x00000000dce80000)
 ParOldGen       total 66560K, used 41862K [0x0000000090a00000, 0x0000000094b00000, 0x00000000dae00000)
  object space 66560K, 62% used [0x0000000090a00000,0x00000000932e1a10,0x0000000094b00000)
 Metaspace       used 9300K, capacity 9366K, committed 9600K, reserved 1058816K
  class space    used 870K, capacity 883K, committed 896K, reserved 1048576K
Event: 3.064 GC heap after
Heap after GC invocations=20 (full 1):
 PSYoungGen      total 33280K, used 3404K [0x00000000dae00000, 0x00000000dd300000, 0x0000000100000000)
  eden space 28672K, 0% used [0x00000000dae00000,0x00000000dae00000,0x00000000dca00000)
  from space 4608K, 73% used [0x00000000dca00000,0x00000000dcd532b0,0x00000000dce80000)
  to   space 4608K, 0% used [0x00000000dce80000,0x00000000dce80000,0x00000000dd300000)
 ParOldGen       total 66560K, used 45591K [0x0000000090a00000, 0x0000000094b00000, 0x00000000dae00000)
  object space 66560K, 68% used [0x0000000090a00000,0x0000000093685ef0,0x0000000094b00000)
 Metaspace       used 9300K, capacity 9366K, committed 9600K, reserved 1058816K
  class space    used 870K, capacity 883K, committed 896K, reserved 1048576K
}
Event: 3.102 GC heap before
{Heap before GC invocations=21 (full 1):
 PSYoungGen      total 33280K, used 32076K [0x00000000dae00000, 0x00000000dd300000, 0x0000000100000000)
  eden space 28672K, 100% used [0x00000000dae00000,0x00000000dca00000,0x00000000dca00000)
  from space 4608K, 73% used [0x00000000dca00000,0x00000000dcd532b0,0x00000000dce80000)
  to   space 4608K, 0% used [0x00000000dce80000,0x00000000dce80000,0x00000000dd300000)
 ParOldGen       total 66560K, used 45595K [0x0000000090a00000, 0x0000000094b00000, 0x00000000dae00000)
  object space 66560K, 68% used [0x0000000090a00000,0x0000000093686d60,0x0000000094b00000)
 Metaspace       used 9300K, capacity 9366K, committed 9600K, reserved 1058816K
  class space    used 870K, capacity 883K, committed 896K, reserved 1048576K
Event: 3.106 GC heap after
Heap after GC invocations=21 (full 1):
 PSYoungGen      total 33280K, used 2694K [0x00000000dae00000, 0x00000000dd300000, 0x0000000100000000)
  eden space 28672K, 0% used [0x00000000dae00000,0x00000000dae00000,0x00000000dca00000)
  from space 4608K, 58% used [0x00000000dce80000,0x00000000dd1218e0,0x00000000dd300000)
  to   space 4608K, 0% used [0x00000000dca00000,0x00000000dca00000,0x00000000dce80000)
 ParOldGen       total 66560K, used 47487K [0x0000000090a00000, 0x0000000094b00000, 0x00000000dae00000)
  object space 66560K, 71% used [0x0000000090a00000,0x000000009385fdf8,0x0000000094b00000)
 Metaspace       used 9300K, capacity 9366K, committed 9600K, reserved 1058816K
  class space    used 870K, capacity 883K, committed 896K, reserved 1048576K
}

